proguard/seeds.txt
com.rowiser.android.gps.gpsterminal.ControlServiceReceiver
com.rowiser.android.gps.gpsterminal.ControlServiceReceiver: ControlServiceReceiver()
com.rowiser.android.gps.gpsterminal.CrashApplication
com.rowiser.android.gps.gpsterminal.CrashApplication: CrashApplication()
com.rowiser.android.gps.gpsterminal.GPSTerminalService
com.rowiser.android.gps.gpsterminal.GPSTerminalService: GPSTerminalService()
com.rowiser.android.gps.gpsterminal.R$dimen: int activity_horizontal_margin
com.rowiser.android.gps.gpsterminal.R$dimen: int activity_vertical_margin
com.rowiser.android.gps.gpsterminal.R$drawable: int corners_bg
com.rowiser.android.gps.gpsterminal.R$drawable: int edit_view_bg
com.rowiser.android.gps.gpsterminal.R$drawable: int ic_launcher
com.rowiser.android.gps.gpsterminal.R$id: int btn_back
com.rowiser.android.gps.gpsterminal.R$id: int btn_exit
com.rowiser.android.gps.gpsterminal.R$id: int btn_settings
com.rowiser.android.gps.gpsterminal.R$id: int cycle
com.rowiser.android.gps.gpsterminal.R$id: int device
com.rowiser.android.gps.gpsterminal.R$id: int host
com.rowiser.android.gps.gpsterminal.R$id: int main_layout
com.rowiser.android.gps.gpsterminal.R$id: int port
com.rowiser.android.gps.gpsterminal.R$id: int save_settings
com.rowiser.android.gps.gpsterminal.R$id: int tv_address
com.rowiser.android.gps.gpsterminal.R$id: int tv_datetime
com.rowiser.android.gps.gpsterminal.R$id: int tv_latitude
com.rowiser.android.gps.gpsterminal.R$id: int tv_longitude
com.rowiser.android.gps.gpsterminal.R$id: int tv_module
com.rowiser.android.gps.gpsterminal.R$layout: int activity_main
com.rowiser.android.gps.gpsterminal.R$layout: int fragment_main
com.rowiser.android.gps.gpsterminal.R$layout: int fragment_settings
com.rowiser.android.gps.gpsterminal.R$string: int address
com.rowiser.android.gps.gpsterminal.R$string: int app_name
com.rowiser.android.gps.gpsterminal.R$string: int back
com.rowiser.android.gps.gpsterminal.R$string: int cycle
com.rowiser.android.gps.gpsterminal.R$string: int default_cycle
com.rowiser.android.gps.gpsterminal.R$string: int default_device
com.rowiser.android.gps.gpsterminal.R$string: int default_host
com.rowiser.android.gps.gpsterminal.R$string: int default_port
com.rowiser.android.gps.gpsterminal.R$string: int device
com.rowiser.android.gps.gpsterminal.R$string: int exit
com.rowiser.android.gps.gpsterminal.R$string: int exit_tips
com.rowiser.android.gps.gpsterminal.R$string: int host
com.rowiser.android.gps.gpsterminal.R$string: int latitude
com.rowiser.android.gps.gpsterminal.R$string: int longitude
com.rowiser.android.gps.gpsterminal.R$string: int module
com.rowiser.android.gps.gpsterminal.R$string: int null_info_tips
com.rowiser.android.gps.gpsterminal.R$string: int port
com.rowiser.android.gps.gpsterminal.R$string: int save_settings
com.rowiser.android.gps.gpsterminal.R$string: int settings
com.rowiser.android.gps.gpsterminal.R$string: int time
com.rowiser.android.gps.gpsterminal.R$string: int tips_title
com.rowiser.android.gps.gpsterminal.R$style: int AppBaseTheme
com.rowiser.android.gps.gpsterminal.R$style: int AppTheme
com.rowiser.android.gps.gpsterminal.R$style: int button_style
com.rowiser.android.gps.gpsterminal.R$style: int edit_view_style
com.rowiser.android.gps.gpsterminal.R$style: int text_style
com.rowiser.android.gps.gpsterminal.bean.LocationInfo: android.os.Parcelable$Creator CREATOR
com.rowiser.android.gps.gpsterminal.bean.SettingInfo: android.os.Parcelable$Creator CREATOR
com.rowiser.android.gps.gpsterminal.ui.MainActivity
com.rowiser.android.gps.gpsterminal.ui.MainActivity: MainActivity()
...
android.support.v4.util.TimeUtils
android.support.v4.util.TimeUtils: int HUNDRED_DAY_FIELD_LEN
android.support.v4.util.TimeUtils: int SECONDS_PER_MINUTE
android.support.v4.util.TimeUtils: int SECONDS_PER_HOUR
android.support.v4.util.TimeUtils: int SECONDS_PER_DAY
android.support.v4.util.TimeUtils: java.lang.Object sFormatSync
android.support.v4.util.TimeUtils: char[] sFormatStr
android.support.v4.util.TimeUtils: int accumField(int,int,boolean,int)
android.support.v4.util.TimeUtils: int printField(char[],int,char,int,boolean,int)
android.support.v4.util.TimeUtils: int formatDurationLocked(long,int)
android.support.v4.util.TimeUtils: void formatDuration(long,java.lang.StringBuilder)
android.support.v4.util.TimeUtils: void formatDuration(long,java.io.PrintWriter,int)
android.support.v4.util.TimeUtils: void formatDuration(long,java.io.PrintWriter)
android.support.v4.util.TimeUtils: void formatDuration(long,long,java.io.PrintWriter)
android.support.v4.util.TimeUtils: TimeUtils()
android.support.v4.util.TimeUtils: void <clinit>()
android.support.v4.view.AccessibilityDelegateCompat
android.support.v4.view.AccessibilityDelegateCompat: android.support.v4.view.AccessibilityDelegateCompat$AccessibilityDelegateImpl IMPL
android.support.v4.view.AccessibilityDelegateCompat: java.lang.Object DEFAULT_DELEGATE
android.support.v4.view.AccessibilityDelegateCompat: java.lang.Object mBridge
android.support.v4.view.AccessibilityDelegateCompat: AccessibilityDelegateCompat()
android.support.v4.view.AccessibilityDelegateCompat: java.lang.Object getBridge()
android.support.v4.view.AccessibilityDelegateCompat: void sendAccessibilityEvent(android.view.View,int)
android.support.v4.view.AccessibilityDelegateCompat: void sendAccessibilityEventUnchecked(android.view.View,android.view.accessibility.AccessibilityEvent)
android.support.v4.view.AccessibilityDelegateCompat: boolean dispatchPopulateAccessibilityEvent(android.view.View,android.view.accessibility.AccessibilityEvent)
android.support.v4.view.AccessibilityDelegateCompat: void onPopulateAccessibilityEvent(android.view.View,android.view.accessibility.AccessibilityEvent)
android.support.v4.view.AccessibilityDelegateCompat: void onInitializeAccessibilityEvent(android.view.View,android.view.accessibility.AccessibilityEvent)
android.support.v4.view.AccessibilityDelegateCompat: void onInitializeAccessibilityNodeInfo(android.view.View,android.support.v4.view.accessibility.AccessibilityNodeInfoCompat)
android.support.v4.view.AccessibilityDelegateCompat$AccessibilityDelegateIcsImpl
android.support.v4.view.AccessibilityDelegateCompat$AccessibilityDelegateIcsImpl: AccessibilityDelegateCompat$AccessibilityDelegateIcsImpl()
android.support.v4.view.AccessibilityDelegateCompat$AccessibilityDelegateIcsImpl: java.lang.Object newAccessiblityDelegateDefaultImpl()
android.support.v4.view.AccessibilityDelegateCompat$AccessibilityDelegateIcsImpl: java.lang.Object newAccessiblityDelegateBridge(android.support.v4.view.AccessibilityDelegateCompat)
android.support.v4.view.AccessibilityDelegateCompat$AccessibilityDelegateIcsImpl: boolean dispatchPopulateAccessibilityEvent(java.lang.Object,android.view.View,android.view.accessibility.AccessibilityEvent)
android.support.v4.view.AccessibilityDelegateCompat$AccessibilityDelegateIcsImpl: void onInitializeAccessibilityEvent(java.lang.Object,android.view.View,android.view.accessibility.AccessibilityEvent)
android.support.v4.view.AccessibilityDelegateCompat$AccessibilityDelegateIcsImpl: void onInitializeAccessibilityNodeInfo(java.lang.Object,android.view.View,android.support.v4.view.accessibility.AccessibilityNodeInfoCompat)
android.support.v4.view.AccessibilityDelegateCompat$AccessibilityDelegateIcsImpl: void onPopulateAccessibilityEvent(java.lang.Object,android.view.View,android.view.accessibility.AccessibilityEvent)