proguard/mapping.txt
com.rowiser.android.gps.gpsterminal.ControlServiceReceiver -> com.rowiser.android.gps.gpsterminal.ControlServiceReceiver:
    com.rowiser.android.gps.gpsterminal.utils.JLog LOG -> a
    boolean IS_NEED_TO_CHECK_START_GPS_SERVICE -> b
    android.content.Context mContext -> c
    android.os.Handler mHandler -> d
    void onReceive(android.content.Context,android.content.Intent) -> onReceive
    void screenOn(android.content.Context) -> a
    boolean isNetworkWorking(android.content.Context) -> b
    void netStateChange(android.content.Context) -> c
    void controlGpsTerminalService(android.content.Context,boolean) -> a
    android.content.Context access$0(com.rowiser.android.gps.gpsterminal.ControlServiceReceiver) -> a
    void access$1(com.rowiser.android.gps.gpsterminal.ControlServiceReceiver,android.content.Context) -> a
com.rowiser.android.gps.gpsterminal.ControlServiceReceiver$1 -> com.rowiser.android.gps.gpsterminal.a:
    com.rowiser.android.gps.gpsterminal.ControlServiceReceiver this$0 -> a
    void handleMessage(android.os.Message) -> handleMessage
com.rowiser.android.gps.gpsterminal.ControlServiceReceiver$2 -> com.rowiser.android.gps.gpsterminal.b:
    com.rowiser.android.gps.gpsterminal.ControlServiceReceiver this$0 -> a
    android.content.Context val$context -> b
    android.content.Intent val$gpsTerminalIntent -> c
    void run() -> run
com.rowiser.android.gps.gpsterminal.CrashApplication -> com.rowiser.android.gps.gpsterminal.CrashApplication:
    void onCreate() -> onCreate
com.rowiser.android.gps.gpsterminal.GPSFeatureControllor -> com.rowiser.android.gps.gpsterminal.c:
    com.rowiser.android.gps.gpsterminal.utils.JLog LOG -> c
    com.rowiser.android.gps.gpsterminal.GPSFeatureControllor instance -> d
    java.util.List mServiceListenerList -> e
    java.util.List mMainFragmentInfoListenerList -> f
    com.rowiser.android.gps.gpsterminal.IGPSTerminalCallback$Stub mGPSTerminalRemoteCallback -> g
    com.rowiser.android.gps.gpsterminal.GPSFeatureControllor getInstance(android.content.Context) -> a
    void addServerSettingsListener(com.rowiser.android.gps.gpsterminal.GPSFeatureControllor$ServiceListener) -> a
    void removeServerSettingsListener(com.rowiser.android.gps.gpsterminal.GPSFeatureControllor$ServiceListener) -> b
    void addMainFragmentInfoListener(com.rowiser.android.gps.gpsterminal.GPSFeatureControllor$MainFragmentInfoListener) -> a
    void removeMainFragmentInfoListener(com.rowiser.android.gps.gpsterminal.GPSFeatureControllor$MainFragmentInfoListener) -> b
    void doServiceDisconnected(android.content.ComponentName) -> a
    void doServiceConnected(android.content.ComponentName,android.os.IBinder) -> a
    android.content.Intent getServiceIntent() -> a
    com.rowiser.android.gps.gpsterminal.utils.JLog access$0() -> b
    java.util.List access$1(com.rowiser.android.gps.gpsterminal.GPSFeatureControllor) -> a
    java.util.List access$2(com.rowiser.android.gps.gpsterminal.GPSFeatureControllor) -> b
com.rowiser.android.gps.gpsterminal.GPSFeatureControllor$1 -> com.rowiser.android.gps.gpsterminal.d:
    com.rowiser.android.gps.gpsterminal.GPSFeatureControllor this$0 -> a
    void finishActivity() -> a
    void notifyLocationChange(com.rowiser.android.gps.gpsterminal.bean.LocationInfo) -> a
com.rowiser.android.gps.gpsterminal.GPSFeatureControllor$MainFragmentInfoListener -> com.rowiser.android.gps.gpsterminal.e:
    void notifyLocationChanged(com.rowiser.android.gps.gpsterminal.bean.LocationInfo) -> a
com.rowiser.android.gps.gpsterminal.GPSFeatureControllor$ServiceListener -> com.rowiser.android.gps.gpsterminal.f:
    void finishActivity() -> a
...
android.support.annotation.Keep -> android.support.annotation.Keep:
android.support.v4.accessibilityservice.AccessibilityServiceInfoCompat -> android.support.v4.accessibilityservice.AccessibilityServiceInfoCompat:
    android.support.v4.accessibilityservice.AccessibilityServiceInfoCompat$AccessibilityServiceInfoVersionImpl IMPL -> IMPL
    int CAPABILITY_CAN_RETRIEVE_WINDOW_CONTENT -> CAPABILITY_CAN_RETRIEVE_WINDOW_CONTENT
    int CAPABILITY_CAN_REQUEST_TOUCH_EXPLORATION -> CAPABILITY_CAN_REQUEST_TOUCH_EXPLORATION
    int CAPABILITY_CAN_REQUEST_ENHANCED_WEB_ACCESSIBILITY -> CAPABILITY_CAN_REQUEST_ENHANCED_WEB_ACCESSIBILITY
    int CAPABILITY_CAN_FILTER_KEY_EVENTS -> CAPABILITY_CAN_FILTER_KEY_EVENTS
    int FEEDBACK_BRAILLE -> FEEDBACK_BRAILLE
    int FEEDBACK_ALL_MASK -> FEEDBACK_ALL_MASK
    int DEFAULT -> DEFAULT
    int FLAG_INCLUDE_NOT_IMPORTANT_VIEWS -> FLAG_INCLUDE_NOT_IMPORTANT_VIEWS
    int FLAG_REQUEST_TOUCH_EXPLORATION_MODE -> FLAG_REQUEST_TOUCH_EXPLORATION_MODE
    int FLAG_REQUEST_ENHANCED_WEB_ACCESSIBILITY -> FLAG_REQUEST_ENHANCED_WEB_ACCESSIBILITY
    int FLAG_REPORT_VIEW_IDS -> FLAG_REPORT_VIEW_IDS
    int FLAG_REQUEST_FILTER_KEY_EVENTS -> FLAG_REQUEST_FILTER_KEY_EVENTS
    java.lang.String getId(android.accessibilityservice.AccessibilityServiceInfo) -> getId
    android.content.pm.ResolveInfo getResolveInfo(android.accessibilityservice.AccessibilityServiceInfo) -> getResolveInfo
    java.lang.String getSettingsActivityName(android.accessibilityservice.AccessibilityServiceInfo) -> getSettingsActivityName
android.support.v4.accessibilityservice.AccessibilityServiceInfoCompat$AccessibilityServiceInfoIcsImpl -> android.support.v4.accessibilityservice.AccessibilityServiceInfoCompat$AccessibilityServiceInfoIcsImpl:
    boolean getCanRetrieveWindowContent(android.accessibilityservice.AccessibilityServiceInfo) -> getCanRetrieveWindowContent
    java.lang.String getDescription(android.accessibilityservice.AccessibilityServiceInfo) -> getDescription
    java.lang.String getId(android.accessibilityservice.AccessibilityServiceInfo) -> getId
    android.content.pm.ResolveInfo getResolveInfo(android.accessibilityservice.AccessibilityServiceInfo) -> getResolveInfo
    java.lang.String getSettingsActivityName(android.accessibilityservice.AccessibilityServiceInfo) -> getSettingsActivityName
    int getCapabilities(android.accessibilityservice.AccessibilityServiceInfo) -> getCapabilities
android.support.v4.accessibilityservice.AccessibilityServiceInfoCompat$AccessibilityServiceInfoJellyBeanMr2 -> android.support.v4.accessibilityservice.AccessibilityServiceInfoCompat$AccessibilityServiceInfoJellyBeanMr2:
    int getCapabilities(android.accessibilityservice.AccessibilityServiceInfo) -> getCapabilities
android.support.v4.accessibilityservice.AccessibilityServiceInfoCompat$AccessibilityServiceInfoStubImpl -> android.support.v4.accessibilityservice.AccessibilityServiceInfoCompat$AccessibilityServiceInfoStubImpl:
    boolean getCanRetrieveWindowContent(android.accessibilityservice.AccessibilityServiceInfo) -> getCanRetrieveWindowContent
    java.lang.String getDescription(android.accessibilityservice.AccessibilityServiceInfo) -> getDescription
    java.lang.String getId(android.accessibilityservice.AccessibilityServiceInfo) -> getId
    android.content.pm.ResolveInfo getResolveInfo(android.accessibilityservice.AccessibilityServiceInfo) -> getResolveInfo
    java.lang.String getSettingsActivityName(android.accessibilityservice.AccessibilityServiceInfo) -> getSettingsActivityName
    int getCapabilities(android.accessibilityservice.AccessibilityServiceInfo) -> getCapabilities