proguard/usage.txt
com.rowiser.android.gps.gpsterminal.BuildConfig
com.rowiser.android.gps.gpsterminal.ControlServiceReceiver:
    private static final java.lang.String TAG
    private static final int MSG_CHECK_NETWORK_FOR_CONTROL_GPS_SERVICE
com.rowiser.android.gps.gpsterminal.GPSFeatureControllor:
    private static final java.lang.String TAG
    99:101:protected void doRelease()
com.rowiser.android.gps.gpsterminal.GPSTerminalService:
    public static final boolean DEBUG
    private static final java.lang.String TAG
    public static final java.lang.String TERMINAL_SERVICE
    public static final java.lang.String FILE_NAME
    public static final java.lang.String KEY_SETTINGS_INFO
    public static final java.lang.String KEY_LOCATION_INFO
    private static final int MAX_FAIL_LOCATION_COUNT
    private static final int MAX_FAIL_LOGIN_COUNT
    private static final int MSG_UPDATE_LOCATION
    private static final int MSG_CHECK_DATA_IS_UPLOAD
    158:164:public boolean hasGPSDevice(android.content.Context)
    612:612:static synthetic void access$11(com.rowiser.android.gps.gpsterminal.GPSTerminalService)
com.rowiser.android.gps.gpsterminal.GPSTerminalService$2:
    544:565:public void exitByException(java.lang.String)
    569:577:public void connect2serverError()
com.rowiser.android.gps.gpsterminal.GPSTerminalService$2$2
com.rowiser.android.gps.gpsterminal.GPSTerminalService$2$3
com.rowiser.android.gps.gpsterminal.IGPSTerminalCallback$Stub:
    private static final java.lang.String DESCRIPTOR
    static final int TRANSACTION_finishActivity
    static final int TRANSACTION_notifyLocationChange
com.rowiser.android.gps.gpsterminal.IGPSTerminalCallback$Stub$Proxy:
    82:82:public java.lang.String getInterfaceDescriptor()
com.rowiser.android.gps.gpsterminal.IGpsTerminalFeature$Stub:
    private static final java.lang.String DESCRIPTOR
    static final int TRANSACTION_registCallback
    static final int TRANSACTION_unRegistCallback
    static final int TRANSACTION_updateSettings
    static final int TRANSACTION_getSettings
    static final int TRANSACTION_getLocationInfo
    static final int TRANSACTION_stopUploadData
    static final int TRANSACTION_getDeviceId
com.rowiser.android.gps.gpsterminal.IGpsTerminalFeature$Stub$Proxy:
    136:136:public java.lang.String getInterfaceDescriptor()
com.rowiser.android.gps.gpsterminal.R
com.rowiser.android.gps.gpsterminal.R$attr
com.rowiser.android.gps.gpsterminal.R$dimen
com.rowiser.android.gps.gpsterminal.R$drawable
com.rowiser.android.gps.gpsterminal.R$id
com.rowiser.android.gps.gpsterminal.R$layout
com.rowiser.android.gps.gpsterminal.R$string
com.rowiser.android.gps.gpsterminal.R$style
com.rowiser.android.gps.gpsterminal.Test
com.rowiser.android.gps.gpsterminal.Test$Stub
com.rowiser.android.gps.gpsterminal.Test$Stub$Proxy
com.rowiser.android.gps.gpsterminal.bean.LocationInfo:
    80:80:public com.rowiser.android.gps.gpsterminal.bean.LocationInfo readFromParcel(android.os.Parcel)
com.rowiser.android.gps.gpsterminal.bean.SettingInfo:
    82:82:public com.rowiser.android.gps.gpsterminal.bean.SettingInfo readFromParcel(android.os.Parcel)
com.rowiser.android.gps.gpsterminal.crash.CrashHandler:
    public static final java.lang.String TAG
com.rowiser.android.gps.gpsterminal.protocal.GPSTerminalProtocal:
    public static final byte LOGIN_INFO
    public static final byte GPS_INFO
    public static final byte LBS_INFO
    public static final byte GPS_LBS_INFO
    public static final byte STATUS_INFO
    public static final byte SATELLITE_SINR_INFO
    public static final byte STRING_INFO
    public static final byte GPS_LBS_STATUS_INFO
    public static final byte LBS_PHONE_ADDR_INFO
    public static final byte LBS_ALL_INFO
    public static final byte GPS_PHONE_INFO
    public static final byte FROME_SERVER_CMD
    8:8:public GPSTerminalProtocal()
    100:100:public static final byte getDataType(byte[])
com.rowiser.android.gps.gpsterminal.protocal.IProtocol
...
org.dom4j.dom.DOMComment
org.dom4j.dom.DOMDocument
org.dom4j.dom.DOMDocumentFactory
org.dom4j.dom.DOMDocumentType
org.dom4j.dom.DOMElement
org.dom4j.dom.DOMEntityReference
org.dom4j.dom.DOMNamespace
org.dom4j.dom.DOMNodeHelper
org.dom4j.dom.DOMNodeHelper$1
org.dom4j.dom.DOMNodeHelper$EmptyNodeList
org.dom4j.dom.DOMProcessingInstruction
org.dom4j.dom.DOMText
org.dom4j.dtd.AttributeDecl
org.dom4j.dtd.ElementDecl
org.dom4j.dtd.ExternalEntityDecl
org.dom4j.dtd.InternalEntityDecl
org.dom4j.io.DOMReader
org.dom4j.io.DOMWriter
org.dom4j.io.DispatchHandler
org.dom4j.io.DocumentInputSource
org.dom4j.io.DocumentInputSource$1
org.dom4j.io.DocumentResult
org.dom4j.io.DocumentSource
org.dom4j.io.ElementModifier
org.dom4j.io.ElementStack
org.dom4j.io.HTMLWriter
org.dom4j.io.HTMLWriter$FormatState
org.dom4j.io.JAXPHelper
org.dom4j.io.OutputFormat
org.dom4j.io.PruningDispatchHandler
org.dom4j.io.PruningElementStack
org.dom4j.io.SAXContentHandler
org.dom4j.io.SAXEventRecorder
org.dom4j.io.SAXEventRecorder$SAXEvent
org.dom4j.io.SAXHelper
org.dom4j.io.SAXModifier
org.dom4j.io.SAXModifyContentHandler
org.dom4j.io.SAXModifyElementHandler
org.dom4j.io.SAXModifyException
org.dom4j.io.SAXModifyReader
org.dom4j.io.SAXReader
org.dom4j.io.SAXReader$SAXEntityResolver
org.dom4j.io.SAXValidator
org.dom4j.io.SAXWriter
org.dom4j.io.STAXEventReader
org.dom4j.io.STAXEventWriter
org.dom4j.io.STAXEventWriter$AttributeIterator
org.dom4j.io.STAXEventWriter$NamespaceIterator
org.dom4j.io.XMLResult
org.dom4j.io.XMLWriter
org.dom4j.io.XPP3Reader
org.dom4j.io.XPPReader
org.dom4j.jaxb.JAXBModifier
org.dom4j.jaxb.JAXBModifier$JAXBElementModifier
org.dom4j.jaxb.JAXBObjectHandler
org.dom4j.jaxb.JAXBObjectModifier
org.dom4j.jaxb.JAXBReader
org.dom4j.jaxb.JAXBReader$PruningElementHandler
org.dom4j.jaxb.JAXBReader$UnmarshalElementHandler
org.dom4j.jaxb.JAXBRuntimeException
org.dom4j.jaxb.JAXBSupport
org.dom4j.jaxb.JAXBWriter
org.dom4j.rule.Action
org.dom4j.rule.Mode
org.dom4j.rule.NullAction
org.dom4j.rule.Pattern
org.dom4j.rule.Rule
org.dom4j.rule.RuleManager
org.dom4j.rule.RuleManager$1
org.dom4j.rule.RuleSet
org.dom4j.rule.Stylesheet
org.dom4j.rule.pattern.DefaultPattern
org.dom4j.rule.pattern.NodeTypePattern
org.dom4j.swing.BranchTreeNode
org.dom4j.swing.BranchTreeNode$1
org.dom4j.swing.DocumentTreeModel
org.dom4j.swing.LeafTreeNode
org.dom4j.swing.LeafTreeNode$1
org.dom4j.swing.XMLTableColumnDefinition
org.dom4j.swing.XMLTableDefinition
org.dom4j.swing.XMLTableModel
org.dom4j.tree.AbstractAttribute
org.dom4j.tree.AbstractBranch
org.dom4j.tree.AbstractCDATA
org.dom4j.tree.AbstractCharacterData
org.dom4j.tree.AbstractComment
org.dom4j.tree.AbstractDocument
org.dom4j.tree.AbstractDocumentType
org.dom4j.tree.AbstractElement
org.dom4j.tree.AbstractEntity
org.dom4j.tree.AbstractNode
org.dom4j.tree.AbstractProcessingInstruction
org.dom4j.tree.AbstractText
org.dom4j.tree.BackedList
org.dom4j.tree.BaseElement
org.dom4j.tree.ConcurrentReaderHashMap
org.dom4j.tree.ConcurrentReaderHashMap$1
org.dom4j.tree.ConcurrentReaderHashMap$BarrierLock
org.dom4j.tree.ConcurrentReaderHashMap$Entry
org.dom4j.tree.ConcurrentReaderHashMap$EntrySet
org.dom4j.tree.ConcurrentReaderHashMap$HashIterator
org.dom4j.tree.ConcurrentReaderHashMap$KeyIterator
org.dom4j.tree.ConcurrentReaderHashMap$KeySet
org.dom4j.tree.ConcurrentReaderHashMap$ValueIterator
org.dom4j.tree.ConcurrentReaderHashMap$Values
org.dom4j.tree.ContentListFacade
org.dom4j.tree.DefaultAttribute
org.dom4j.tree.DefaultCDATA
org.dom4j.tree.DefaultComment
org.dom4j.tree.DefaultDocument
org.dom4j.tree.DefaultDocumentType
org.dom4j.tree.DefaultElement
org.dom4j.tree.DefaultEntity
org.dom4j.tree.DefaultNamespace
org.dom4j.tree.DefaultProcessingInstruction
org.dom4j.tree.DefaultText
org.dom4j.tree.ElementIterator
org.dom4j.tree.ElementNameIterator
org.dom4j.tree.ElementQNameIterator
org.dom4j.tree.FilterIterator
org.dom4j.tree.FlyweightAttribute
org.dom4j.tree.FlyweightCDATA
org.dom4j.tree.FlyweightComment
org.dom4j.tree.FlyweightEntity